app/build/intermediates/manifest_merge_blame_file/debug/manifest-merger-blame-debug-report.txt
1<?xml version="1.0" encoding="utf-8"?>
2<manifest xmlns:android="http://schemas.android.com/apk/res/android"
3    package="com.buxuan.baseoneuiapp"
4    android:versionCode="49"
5    android:versionName="1.00.00" >
6
7    <uses-sdk
8        android:minSdkVersion="21"
8-->src/main/AndroidManifest.xml
9        android:targetSdkVersion="30" />
9-->src/main/AndroidManifest.xml
10
11    <application
11-->src/main/AndroidManifest.xml:5:5-39:19
12        android:allowBackup="true"
12-->src/main/AndroidManifest.xml:6:9-35
13        android:appComponentFactory="androidx.core.app.CoreComponentFactory"
13-->[androidx.core:core:1.5.0] AndroidManifest.xml:24:18-86
14        android:debuggable="true"
15        android:icon="@mipmap/ic_launcher"
15-->src/main/AndroidManifest.xml:7:9-43
16        android:label="@string/app_name"
16-->src/main/AndroidManifest.xml:8:9-41
17        android:supportsRtl="true"
17-->src/main/AndroidManifest.xml:9:9-35
18        android:testOnly="true"
19        android:theme="@style/OneUI4Theme" >
19-->src/main/AndroidManifest.xml:10:9-43
20        <meta-data
20-->src/main/AndroidManifest.xml:12:9-14:37
21            android:name="SamsungBasicInteraction"
21-->src/main/AndroidManifest.xml:13:13-51
22            android:value="SEP10" />
22-->src/main/AndroidManifest.xml:14:13-34
23        <meta-data
23-->src/main/AndroidManifest.xml:15:9-17:36
24            android:name="com.samsung.android.icon_container.has_icon_container"
24-->src/main/AndroidManifest.xml:16:13-81
25            android:value="true" />
25-->src/main/AndroidManifest.xml:17:13-33
26        <meta-data
26-->src/main/AndroidManifest.xml:18:9-20:51
27            android:name="com.samsung.android.icon_container.feature_appicon"
27-->src/main/AndroidManifest.xml:19:13-78
28            android:value="ADAPTIVEICON_SHADOW" />
28-->src/main/AndroidManifest.xml:20:13-48
29
30        <activity android:name="com.buxuan.baseoneuiapp.SwitchBarActivity" />
30-->src/main/AndroidManifest.xml:22:9-55
30-->src/main/AndroidManifest.xml:22:19-52
31        <activity
31-->src/main/AndroidManifest.xml:23:9-25:55
32            android:name="com.buxuan.baseoneuiapp.AboutActivity"
32-->src/main/AndroidManifest.xml:24:13-42
33            android:theme="@style/OneUI4AboutTheme" />
33-->src/main/AndroidManifest.xml:25:13-52
34        <activity
34-->src/main/AndroidManifest.xml:26:9-28:90
35            android:name="com.buxuan.baseoneuiapp.MainActivity"
35-->src/main/AndroidManifest.xml:27:13-41
36            android:configChanges="orientation|screenSize|screenLayout|keyboardHidden" />
36-->src/main/AndroidManifest.xml:28:13-87
37        <activity
37-->src/main/AndroidManifest.xml:29:9-38:20
38            android:name="com.buxuan.baseoneuiapp.SplashActivity"
38-->src/main/AndroidManifest.xml:30:13-43
39            android:exported="true"
39-->src/main/AndroidManifest.xml:32:13-36
40            android:theme="@style/OneUI4SplashTheme" >
40-->src/main/AndroidManifest.xml:31:13-53
41            <intent-filter>
41-->src/main/AndroidManifest.xml:33:13-37:29
42                <action android:name="android.intent.action.MAIN" />
42-->src/main/AndroidManifest.xml:34:17-69
42-->src/main/AndroidManifest.xml:34:25-66
43
44                <category android:name="android.intent.category.LAUNCHER" />
44-->src/main/AndroidManifest.xml:36:17-77
44-->src/main/AndroidManifest.xml:36:27-74
45            </intent-filter>
46        </activity>
47    </application>
48
49</manifest> <!-- com.buxuan.baseoneuiapp -->